2023-04-27 14:54:42,281 INFO i.s.p.ProgettoRistorantiApplication [restartedMain] Isnfo message
2023-04-27 14:54:42,282 WARN i.s.p.ProgettoRistorantiApplication [restartedMain] Warning message
2023-04-27 14:54:42,282 ERROR i.s.p.ProgettoRistorantiApplication [restartedMain] Error message
2023-04-27 14:54:42,282 FATAL i.s.p.ProgettoRistorantiApplication [restartedMain] Fatal message
2023-04-27 14:54:58,206 INFO o.s.w.s.DispatcherServlet [http-nio-8080-exec-1] Initializing Servlet 'dispatcherServlet'
2023-04-27 14:54:58,208 INFO o.s.w.s.DispatcherServlet [http-nio-8080-exec-1] Completed initialization in 1 ms
2023-04-27 14:54:58,371 ERROR i.s.p.C.ResturantController [http-nio-8080-exec-1] 400 BAD_REQUESTOn insert() function, Cannot inserert the given resturant
2023-04-27 14:55:46,388 INFO o.s.b.d.a.LocalDevToolsAutoConfiguration$RestartingClassPathChangeChangedEventListener [File Watcher] Restarting due to 1 class path change (0 additions, 0 deletions, 1 modification)
2023-04-27 14:55:46,419 INFO o.s.o.j.LocalContainerEntityManagerFactoryBean [Thread-5] Closing JPA EntityManagerFactory for persistence unit 'default'
2023-04-27 14:55:46,511 INFO o.s.b.d.e.DevToolsPropertyDefaultsPostProcessor [restartedMain] Devtools property defaults active! Set 'spring.devtools.add-properties' to 'false' to disable
2023-04-27 14:55:46,511 INFO o.s.b.d.e.DevToolsPropertyDefaultsPostProcessor [restartedMain] For additional web related logging consider setting the 'logging.level.web' property to 'DEBUG'
2023-04-27 14:55:46,521 INFO i.s.p.ProgettoRistorantiApplication [restartedMain] Starting ProgettoRistorantiApplication using Java 17.0.6 with PID 9620 (C:\Users\sarex\Documents\GitHub\newRistoranti\newRistoranti\target\classes started by sarex in C:\Users\sarex\Documents\GitHub\newRistoranti\newRistoranti)
2023-04-27 14:55:46,522 INFO i.s.p.ProgettoRistorantiApplication [restartedMain] No active profile set, falling back to 1 default profile: "default"
2023-04-27 14:55:46,829 INFO o.s.d.r.c.RepositoryConfigurationDelegate [restartedMain] Bootstrapping Spring Data JPA repositories in DEFAULT mode.
2023-04-27 14:55:46,856 INFO o.s.d.r.c.RepositoryConfigurationDelegate [restartedMain] Finished Spring Data repository scanning in 26 ms. Found 4 JPA repository interfaces.
2023-04-27 14:55:46,962 INFO o.s.b.w.e.t.TomcatWebServer [restartedMain] Tomcat initialized with port(s): 8080 (http)
2023-04-27 14:55:46,989 INFO o.s.b.w.s.c.ServletWebServerApplicationContext [restartedMain] Root WebApplicationContext: initialization completed in 464 ms
2023-04-27 14:55:47,165 INFO o.s.o.j.LocalContainerEntityManagerFactoryBean [restartedMain] Initialized JPA EntityManagerFactory for persistence unit 'default'
2023-04-27 14:55:47,279 WARN o.s.b.a.o.j.JpaBaseConfiguration$JpaWebConfiguration [restartedMain] spring.jpa.open-in-view is enabled by default. Therefore, database queries may be performed during view rendering. Explicitly configure spring.jpa.open-in-view to disable this warning
2023-04-27 14:55:47,593 INFO o.s.b.d.a.OptionalLiveReloadServer [restartedMain] LiveReload server is running on port 35729
2023-04-27 14:55:47,607 INFO o.s.b.w.e.t.TomcatWebServer [restartedMain] Tomcat started on port(s): 8080 (http) with context path ''
2023-04-27 14:55:47,612 INFO i.s.p.ProgettoRistorantiApplication [restartedMain] Started ProgettoRistorantiApplication in 1.126 seconds (process running for 72.031)
2023-04-27 14:55:47,614 INFO o.s.b.d.a.ConditionEvaluationDeltaLoggingListener [restartedMain] Condition evaluation unchanged
2023-04-27 14:55:47,638 INFO i.s.p.ProgettoRistorantiApplication [restartedMain] Isnfo message
2023-04-27 14:55:47,638 WARN i.s.p.ProgettoRistorantiApplication [restartedMain] Warning message
2023-04-27 14:55:47,638 ERROR i.s.p.ProgettoRistorantiApplication [restartedMain] Error message
2023-04-27 14:55:47,638 FATAL i.s.p.ProgettoRistorantiApplication [restartedMain] Fatal message
2023-04-27 14:56:00,345 INFO o.s.b.d.a.LocalDevToolsAutoConfiguration$RestartingClassPathChangeChangedEventListener [File Watcher] Restarting due to 1 class path change (0 additions, 0 deletions, 1 modification)
2023-04-27 14:56:00,365 INFO o.s.o.j.LocalContainerEntityManagerFactoryBean [Thread-7] Closing JPA EntityManagerFactory for persistence unit 'default'
2023-04-27 14:56:00,443 INFO o.s.b.d.e.DevToolsPropertyDefaultsPostProcessor [restartedMain] Devtools property defaults active! Set 'spring.devtools.add-properties' to 'false' to disable
2023-04-27 14:56:00,443 INFO o.s.b.d.e.DevToolsPropertyDefaultsPostProcessor [restartedMain] For additional web related logging consider setting the 'logging.level.web' property to 'DEBUG'
2023-04-27 14:56:00,452 INFO i.s.p.ProgettoRistorantiApplication [restartedMain] Starting ProgettoRistorantiApplication using Java 17.0.6 with PID 9620 (C:\Users\sarex\Documents\GitHub\newRistoranti\newRistoranti\target\classes started by sarex in C:\Users\sarex\Documents\GitHub\newRistoranti\newRistoranti)
2023-04-27 14:56:00,452 INFO i.s.p.ProgettoRistorantiApplication [restartedMain] No active profile set, falling back to 1 default profile: "default"
2023-04-27 14:56:00,735 INFO o.s.d.r.c.RepositoryConfigurationDelegate [restartedMain] Bootstrapping Spring Data JPA repositories in DEFAULT mode.
2023-04-27 14:56:00,760 INFO o.s.d.r.c.RepositoryConfigurationDelegate [restartedMain] Finished Spring Data repository scanning in 25 ms. Found 4 JPA repository interfaces.
2023-04-27 14:56:00,887 INFO o.s.b.w.e.t.TomcatWebServer [restartedMain] Tomcat initialized with port(s): 8080 (http)
2023-04-27 14:56:00,913 INFO o.s.b.w.s.c.ServletWebServerApplicationContext [restartedMain] Root WebApplicationContext: initialization completed in 457 ms
2023-04-27 14:56:01,062 INFO o.s.o.j.LocalContainerEntityManagerFactoryBean [restartedMain] Initialized JPA EntityManagerFactory for persistence unit 'default'
2023-04-27 14:56:02,805 WARN o.s.b.a.o.j.JpaBaseConfiguration$JpaWebConfiguration [restartedMain] spring.jpa.open-in-view is enabled by default. Therefore, database queries may be performed during view rendering. Explicitly configure spring.jpa.open-in-view to disable this warning
2023-04-27 14:56:03,009 INFO o.s.b.d.a.OptionalLiveReloadServer [restartedMain] LiveReload server is running on port 35729
2023-04-27 14:56:03,023 INFO o.s.b.w.e.t.TomcatWebServer [restartedMain] Tomcat started on port(s): 8080 (http) with context path ''
2023-04-27 14:56:03,029 INFO i.s.p.ProgettoRistorantiApplication [restartedMain] Started ProgettoRistorantiApplication in 2.608 seconds (process running for 87.448)
2023-04-27 14:56:03,031 INFO o.s.b.d.a.ConditionEvaluationDeltaLoggingListener [restartedMain] Condition evaluation unchanged
2023-04-27 14:56:03,045 INFO i.s.p.ProgettoRistorantiApplication [restartedMain] Isnfo message
2023-04-27 14:56:03,045 WARN i.s.p.ProgettoRistorantiApplication [restartedMain] Warning message
2023-04-27 14:56:03,045 ERROR i.s.p.ProgettoRistorantiApplication [restartedMain] Error message
2023-04-27 14:56:03,045 FATAL i.s.p.ProgettoRistorantiApplication [restartedMain] Fatal message
2023-04-27 14:57:45,198 INFO o.s.b.d.a.LocalDevToolsAutoConfiguration$RestartingClassPathChangeChangedEventListener [File Watcher] Restarting due to 1 class path change (0 additions, 0 deletions, 1 modification)
2023-04-27 14:57:45,220 INFO o.s.o.j.LocalContainerEntityManagerFactoryBean [Thread-11] Closing JPA EntityManagerFactory for persistence unit 'default'
2023-04-27 14:57:45,298 INFO o.s.b.d.e.DevToolsPropertyDefaultsPostProcessor [restartedMain] Devtools property defaults active! Set 'spring.devtools.add-properties' to 'false' to disable
2023-04-27 14:57:45,298 INFO o.s.b.d.e.DevToolsPropertyDefaultsPostProcessor [restartedMain] For additional web related logging consider setting the 'logging.level.web' property to 'DEBUG'
2023-04-27 14:57:45,306 INFO i.s.p.ProgettoRistorantiApplication [restartedMain] Starting ProgettoRistorantiApplication using Java 17.0.6 with PID 9620 (C:\Users\sarex\Documents\GitHub\newRistoranti\newRistoranti\target\classes started by sarex in C:\Users\sarex\Documents\GitHub\newRistoranti\newRistoranti)
2023-04-27 14:57:45,306 INFO i.s.p.ProgettoRistorantiApplication [restartedMain] No active profile set, falling back to 1 default profile: "default"
2023-04-27 14:57:45,559 INFO o.s.d.r.c.RepositoryConfigurationDelegate [restartedMain] Bootstrapping Spring Data JPA repositories in DEFAULT mode.
2023-04-27 14:57:45,579 INFO o.s.d.r.c.RepositoryConfigurationDelegate [restartedMain] Finished Spring Data repository scanning in 19 ms. Found 4 JPA repository interfaces.
2023-04-27 14:57:45,689 INFO o.s.b.w.e.t.TomcatWebServer [restartedMain] Tomcat initialized with port(s): 8080 (http)
2023-04-27 14:57:45,710 INFO o.s.b.w.s.c.ServletWebServerApplicationContext [restartedMain] Root WebApplicationContext: initialization completed in 401 ms
2023-04-27 14:57:45,839 INFO o.s.o.j.LocalContainerEntityManagerFactoryBean [restartedMain] Initialized JPA EntityManagerFactory for persistence unit 'default'
2023-04-27 14:57:46,509 WARN o.s.b.a.o.j.JpaBaseConfiguration$JpaWebConfiguration [restartedMain] spring.jpa.open-in-view is enabled by default. Therefore, database queries may be performed during view rendering. Explicitly configure spring.jpa.open-in-view to disable this warning
2023-04-27 14:57:46,766 INFO o.s.b.d.a.OptionalLiveReloadServer [restartedMain] LiveReload server is running on port 35729
2023-04-27 14:57:46,786 INFO o.s.b.w.e.t.TomcatWebServer [restartedMain] Tomcat started on port(s): 8080 (http) with context path ''
2023-04-27 14:57:47,326 INFO i.s.p.ProgettoRistorantiApplication [restartedMain] Started ProgettoRistorantiApplication in 2.053 seconds (process running for 191.745)
2023-04-27 14:57:47,327 INFO o.s.b.d.a.ConditionEvaluationDeltaLoggingListener [restartedMain] Condition evaluation unchanged
2023-04-27 14:57:47,342 INFO i.s.p.ProgettoRistorantiApplication [restartedMain] Isnfo message
2023-04-27 14:57:47,343 WARN i.s.p.ProgettoRistorantiApplication [restartedMain] Warning message
2023-04-27 14:57:47,343 ERROR i.s.p.ProgettoRistorantiApplication [restartedMain] Error message
2023-04-27 14:57:47,343 FATAL i.s.p.ProgettoRistorantiApplication [restartedMain] Fatal message
2023-04-27 14:58:54,373 INFO o.s.b.d.a.LocalDevToolsAutoConfiguration$RestartingClassPathChangeChangedEventListener [File Watcher] Restarting due to 1 class path change (0 additions, 0 deletions, 1 modification)
2023-04-27 14:58:54,396 INFO o.s.o.j.LocalContainerEntityManagerFactoryBean [Thread-15] Closing JPA EntityManagerFactory for persistence unit 'default'
2023-04-27 14:58:54,468 INFO o.s.b.d.e.DevToolsPropertyDefaultsPostProcessor [restartedMain] Devtools property defaults active! Set 'spring.devtools.add-properties' to 'false' to disable
2023-04-27 14:58:54,468 INFO o.s.b.d.e.DevToolsPropertyDefaultsPostProcessor [restartedMain] For additional web related logging consider setting the 'logging.level.web' property to 'DEBUG'
2023-04-27 14:58:54,474 INFO i.s.p.ProgettoRistorantiApplication [restartedMain] Starting ProgettoRistorantiApplication using Java 17.0.6 with PID 9620 (C:\Users\sarex\Documents\GitHub\newRistoranti\newRistoranti\target\classes started by sarex in C:\Users\sarex\Documents\GitHub\newRistoranti\newRistoranti)
2023-04-27 14:58:54,475 INFO i.s.p.ProgettoRistorantiApplication [restartedMain] No active profile set, falling back to 1 default profile: "default"
2023-04-27 14:58:54,741 INFO o.s.d.r.c.RepositoryConfigurationDelegate [restartedMain] Bootstrapping Spring Data JPA repositories in DEFAULT mode.
2023-04-27 14:58:54,759 INFO o.s.d.r.c.RepositoryConfigurationDelegate [restartedMain] Finished Spring Data repository scanning in 18 ms. Found 4 JPA repository interfaces.
2023-04-27 14:58:54,882 INFO o.s.b.w.e.t.TomcatWebServer [restartedMain] Tomcat initialized with port(s): 8080 (http)
2023-04-27 14:58:54,905 INFO o.s.b.w.s.c.ServletWebServerApplicationContext [restartedMain] Root WebApplicationContext: initialization completed in 428 ms
2023-04-27 14:58:55,050 INFO o.s.o.j.LocalContainerEntityManagerFactoryBean [restartedMain] Initialized JPA EntityManagerFactory for persistence unit 'default'
2023-04-27 14:58:55,745 WARN o.s.b.a.o.j.JpaBaseConfiguration$JpaWebConfiguration [restartedMain] spring.jpa.open-in-view is enabled by default. Therefore, database queries may be performed during view rendering. Explicitly configure spring.jpa.open-in-view to disable this warning
2023-04-27 14:58:56,047 INFO o.s.b.d.a.OptionalLiveReloadServer [restartedMain] LiveReload server is running on port 35729
2023-04-27 14:58:56,068 INFO o.s.b.w.e.t.TomcatWebServer [restartedMain] Tomcat started on port(s): 8080 (http) with context path ''
2023-04-27 14:58:56,489 INFO i.s.p.ProgettoRistorantiApplication [restartedMain] Started ProgettoRistorantiApplication in 2.04 seconds (process running for 260.908)
2023-04-27 14:58:56,491 INFO o.s.b.d.a.ConditionEvaluationDeltaLoggingListener [restartedMain] Condition evaluation unchanged
2023-04-27 14:58:56,506 INFO i.s.p.ProgettoRistorantiApplication [restartedMain] Isnfo message
2023-04-27 14:58:56,506 WARN i.s.p.ProgettoRistorantiApplication [restartedMain] Warning message
2023-04-27 14:58:56,506 ERROR i.s.p.ProgettoRistorantiApplication [restartedMain] Error message
2023-04-27 14:58:56,506 FATAL i.s.p.ProgettoRistorantiApplication [restartedMain] Fatal message
2023-04-27 14:59:14,758 INFO o.s.b.d.a.LocalDevToolsAutoConfiguration$RestartingClassPathChangeChangedEventListener [File Watcher] Restarting due to 2 class path changes (0 additions, 0 deletions, 2 modifications)
2023-04-27 14:59:14,780 INFO o.s.o.j.LocalContainerEntityManagerFactoryBean [Thread-19] Closing JPA EntityManagerFactory for persistence unit 'default'
2023-04-27 14:59:14,874 INFO o.s.b.d.e.DevToolsPropertyDefaultsPostProcessor [restartedMain] Devtools property defaults active! Set 'spring.devtools.add-properties' to 'false' to disable
2023-04-27 14:59:14,874 INFO o.s.b.d.e.DevToolsPropertyDefaultsPostProcessor [restartedMain] For additional web related logging consider setting the 'logging.level.web' property to 'DEBUG'
2023-04-27 14:59:14,880 INFO i.s.p.ProgettoRistorantiApplication [restartedMain] Starting ProgettoRistorantiApplication using Java 17.0.6 with PID 9620 (C:\Users\sarex\Documents\GitHub\newRistoranti\newRistoranti\target\classes started by sarex in C:\Users\sarex\Documents\GitHub\newRistoranti\newRistoranti)
2023-04-27 14:59:14,881 INFO i.s.p.ProgettoRistorantiApplication [restartedMain] No active profile set, falling back to 1 default profile: "default"
2023-04-27 14:59:15,113 INFO o.s.d.r.c.RepositoryConfigurationDelegate [restartedMain] Bootstrapping Spring Data JPA repositories in DEFAULT mode.
2023-04-27 14:59:15,136 INFO o.s.d.r.c.RepositoryConfigurationDelegate [restartedMain] Finished Spring Data repository scanning in 22 ms. Found 4 JPA repository interfaces.
2023-04-27 14:59:15,250 INFO o.s.b.w.e.t.TomcatWebServer [restartedMain] Tomcat initialized with port(s): 8080 (http)
2023-04-27 14:59:15,288 INFO o.s.b.w.s.c.ServletWebServerApplicationContext [restartedMain] Root WebApplicationContext: initialization completed in 406 ms
2023-04-27 14:59:15,417 INFO o.s.o.j.LocalContainerEntityManagerFactoryBean [restartedMain] Initialized JPA EntityManagerFactory for persistence unit 'default'
2023-04-27 14:59:16,036 WARN o.s.b.a.o.j.JpaBaseConfiguration$JpaWebConfiguration [restartedMain] spring.jpa.open-in-view is enabled by default. Therefore, database queries may be performed during view rendering. Explicitly configure spring.jpa.open-in-view to disable this warning
2023-04-27 14:59:16,375 INFO o.s.b.d.a.OptionalLiveReloadServer [restartedMain] LiveReload server is running on port 35729
2023-04-27 14:59:16,394 INFO o.s.b.w.e.t.TomcatWebServer [restartedMain] Tomcat started on port(s): 8080 (http) with context path ''
2023-04-27 14:59:16,870 INFO i.s.p.ProgettoRistorantiApplication [restartedMain] Started ProgettoRistorantiApplication in 2.02 seconds (process running for 281.288)
2023-04-27 14:59:16,872 INFO o.s.b.d.a.ConditionEvaluationDeltaLoggingListener [restartedMain] Condition evaluation unchanged
2023-04-27 14:59:16,888 INFO i.s.p.ProgettoRistorantiApplication [restartedMain] Isnfo message
2023-04-27 14:59:16,889 WARN i.s.p.ProgettoRistorantiApplication [restartedMain] Warning message
2023-04-27 14:59:16,889 ERROR i.s.p.ProgettoRistorantiApplication [restartedMain] Error message
2023-04-27 14:59:16,889 FATAL i.s.p.ProgettoRistorantiApplication [restartedMain] Fatal message
2023-04-27 14:59:23,649 INFO o.s.w.s.DispatcherServlet [http-nio-8080-exec-1] Initializing Servlet 'dispatcherServlet'
2023-04-27 14:59:23,651 INFO o.s.w.s.DispatcherServlet [http-nio-8080-exec-1] Completed initialization in 2 ms
2023-04-27 14:59:49,739 ERROR i.s.p.C.ResturantController [http-nio-8080-exec-7] 400 BAD_REQUESTOn DeleteByID() function, the chosen id does not exists
2023-04-27 15:00:29,969 INFO o.s.b.a.SpringApplicationAdminMXBeanRegistrar$SpringApplicationAdmin [RMI TCP Connection(15)-127.0.0.1] Application shutdown requested.
2023-04-27 15:00:29,986 INFO o.s.o.j.LocalContainerEntityManagerFactoryBean [RMI TCP Connection(15)-127.0.0.1] Closing JPA EntityManagerFactory for persistence unit 'default'
