2023-04-20 14:25:45,166 INFO o.s.b.d.a.LocalDevToolsAutoConfiguration$RestartingClassPathChangeChangedEventListener [File Watcher] Restarting due to 1 class path change (0 additions, 0 deletions, 1 modification)
2023-04-20 14:25:45,204 INFO o.s.o.j.LocalContainerEntityManagerFactoryBean [Thread-5] Closing JPA EntityManagerFactory for persistence unit 'default'
2023-04-20 14:25:45,329 INFO o.s.b.d.e.DevToolsPropertyDefaultsPostProcessor [restartedMain] Devtools property defaults active! Set 'spring.devtools.add-properties' to 'false' to disable
2023-04-20 14:25:45,330 INFO o.s.b.d.e.DevToolsPropertyDefaultsPostProcessor [restartedMain] For additional web related logging consider setting the 'logging.level.web' property to 'DEBUG'
2023-04-20 14:25:45,341 INFO i.s.p.ProgettoRistorantiApplication [restartedMain] Starting ProgettoRistorantiApplication using Java 17.0.6 with PID 9204 (C:\Users\sarex\Documents\GitHub\progetto-ristorani\progetto-ristoranti\target\classes started by sarex in C:\Users\sarex\Documents\GitHub\progetto-ristorani\progetto-ristoranti)
2023-04-20 14:25:45,342 INFO i.s.p.ProgettoRistorantiApplication [restartedMain] No active profile set, falling back to 1 default profile: "default"
2023-04-20 14:25:45,590 INFO o.s.d.r.c.RepositoryConfigurationDelegate [restartedMain] Bootstrapping Spring Data JPA repositories in DEFAULT mode.
2023-04-20 14:25:45,606 INFO o.s.d.r.c.RepositoryConfigurationDelegate [restartedMain] Finished Spring Data repository scanning in 15 ms. Found 4 JPA repository interfaces.
2023-04-20 14:25:45,822 INFO o.s.b.w.e.t.TomcatWebServer [restartedMain] Tomcat initialized with port(s): 8080 (http)
2023-04-20 14:25:45,853 INFO o.s.b.w.s.c.ServletWebServerApplicationContext [restartedMain] Root WebApplicationContext: initialization completed in 506 ms
2023-04-20 14:25:46,078 INFO o.s.o.j.LocalContainerEntityManagerFactoryBean [restartedMain] Initialized JPA EntityManagerFactory for persistence unit 'default'
2023-04-20 14:25:46,339 WARN o.s.b.a.o.j.JpaBaseConfiguration$JpaWebConfiguration [restartedMain] spring.jpa.open-in-view is enabled by default. Therefore, database queries may be performed during view rendering. Explicitly configure spring.jpa.open-in-view to disable this warning
2023-04-20 14:25:46,508 INFO o.s.b.d.a.OptionalLiveReloadServer [restartedMain] LiveReload server is running on port 35729
2023-04-20 14:25:46,523 INFO o.s.b.w.e.t.TomcatWebServer [restartedMain] Tomcat started on port(s): 8080 (http) with context path ''
2023-04-20 14:25:47,176 INFO i.s.p.ProgettoRistorantiApplication [restartedMain] Started ProgettoRistorantiApplication in 1.887 seconds (process running for 33.016)
2023-04-20 14:25:47,178 INFO o.s.b.d.a.ConditionEvaluationDeltaLoggingListener [restartedMain] Condition evaluation unchanged
2023-04-20 14:25:47,194 INFO i.s.p.ProgettoRistorantiApplication [restartedMain] Isnfo message
2023-04-20 14:25:47,194 WARN i.s.p.ProgettoRistorantiApplication [restartedMain] Warning message
2023-04-20 14:25:47,194 ERROR i.s.p.ProgettoRistorantiApplication [restartedMain] Error message
2023-04-20 14:25:47,194 FATAL i.s.p.ProgettoRistorantiApplication [restartedMain] Fatal message
2023-04-20 14:27:04,306 INFO o.s.b.a.SpringApplicationAdminMXBeanRegistrar$SpringApplicationAdmin [RMI TCP Connection(10)-127.0.0.1] Application shutdown requested.
2023-04-20 14:27:04,326 INFO o.s.o.j.LocalContainerEntityManagerFactoryBean [RMI TCP Connection(10)-127.0.0.1] Closing JPA EntityManagerFactory for persistence unit 'default'
2023-04-20 14:27:07,732 INFO i.s.p.ProgettoRistorantiApplication [restartedMain] Starting ProgettoRistorantiApplication using Java 17.0.6 with PID 16428 (C:\Users\sarex\Documents\GitHub\progetto-ristorani\progetto-ristoranti\target\classes started by sarex in C:\Users\sarex\Documents\GitHub\progetto-ristorani\progetto-ristoranti)
2023-04-20 14:27:07,743 INFO i.s.p.ProgettoRistorantiApplication [restartedMain] No active profile set, falling back to 1 default profile: "default"
2023-04-20 14:27:07,804 INFO o.s.b.d.e.DevToolsPropertyDefaultsPostProcessor [restartedMain] Devtools property defaults active! Set 'spring.devtools.add-properties' to 'false' to disable
2023-04-20 14:27:07,804 INFO o.s.b.d.e.DevToolsPropertyDefaultsPostProcessor [restartedMain] For additional web related logging consider setting the 'logging.level.web' property to 'DEBUG'
2023-04-20 14:27:08,453 INFO o.s.d.r.c.RepositoryConfigurationDelegate [restartedMain] Bootstrapping Spring Data JPA repositories in DEFAULT mode.
2023-04-20 14:27:08,525 INFO o.s.d.r.c.RepositoryConfigurationDelegate [restartedMain] Finished Spring Data repository scanning in 61 ms. Found 4 JPA repository interfaces.
2023-04-20 14:27:09,495 INFO o.s.b.w.e.t.TomcatWebServer [restartedMain] Tomcat initialized with port(s): 8080 (http)
2023-04-20 14:27:09,615 INFO o.s.b.w.s.c.ServletWebServerApplicationContext [restartedMain] Root WebApplicationContext: initialization completed in 1810 ms
2023-04-20 14:27:11,641 INFO o.s.o.j.LocalContainerEntityManagerFactoryBean [restartedMain] Initialized JPA EntityManagerFactory for persistence unit 'default'
2023-04-20 14:27:12,335 WARN o.s.b.a.o.j.JpaBaseConfiguration$JpaWebConfiguration [restartedMain] spring.jpa.open-in-view is enabled by default. Therefore, database queries may be performed during view rendering. Explicitly configure spring.jpa.open-in-view to disable this warning
2023-04-20 14:27:12,838 INFO o.s.b.d.a.OptionalLiveReloadServer [restartedMain] LiveReload server is running on port 35729
2023-04-20 14:27:12,889 INFO o.s.b.w.e.t.TomcatWebServer [restartedMain] Tomcat started on port(s): 8080 (http) with context path ''
2023-04-20 14:27:13,853 INFO i.s.p.ProgettoRistorantiApplication [restartedMain] Started ProgettoRistorantiApplication in 6.612 seconds (process running for 7.927)
2023-04-20 14:27:13,883 INFO i.s.p.ProgettoRistorantiApplication [restartedMain] Isnfo message
2023-04-20 14:27:13,883 WARN i.s.p.ProgettoRistorantiApplication [restartedMain] Warning message
2023-04-20 14:27:13,884 ERROR i.s.p.ProgettoRistorantiApplication [restartedMain] Error message
2023-04-20 14:27:13,884 FATAL i.s.p.ProgettoRistorantiApplication [restartedMain] Fatal message
2023-04-20 14:27:54,302 INFO o.s.b.a.SpringApplicationAdminMXBeanRegistrar$SpringApplicationAdmin [RMI TCP Connection(9)-127.0.0.1] Application shutdown requested.
2023-04-20 14:27:54,328 INFO o.s.o.j.LocalContainerEntityManagerFactoryBean [RMI TCP Connection(9)-127.0.0.1] Closing JPA EntityManagerFactory for persistence unit 'default'
2023-04-20 14:28:01,669 INFO i.s.p.ProgettoRistorantiApplication [restartedMain] Starting ProgettoRistorantiApplication using Java 17.0.6 with PID 8576 (C:\Users\sarex\Documents\GitHub\progetto-ristorani\progetto-ristoranti\target\classes started by sarex in C:\Users\sarex\Documents\GitHub\progetto-ristorani\progetto-ristoranti)
2023-04-20 14:28:01,680 INFO i.s.p.ProgettoRistorantiApplication [restartedMain] No active profile set, falling back to 1 default profile: "default"
2023-04-20 14:28:01,743 INFO o.s.b.d.e.DevToolsPropertyDefaultsPostProcessor [restartedMain] Devtools property defaults active! Set 'spring.devtools.add-properties' to 'false' to disable
2023-04-20 14:28:01,743 INFO o.s.b.d.e.DevToolsPropertyDefaultsPostProcessor [restartedMain] For additional web related logging consider setting the 'logging.level.web' property to 'DEBUG'
2023-04-20 14:28:02,487 INFO o.s.d.r.c.RepositoryConfigurationDelegate [restartedMain] Bootstrapping Spring Data JPA repositories in DEFAULT mode.
2023-04-20 14:28:02,562 INFO o.s.d.r.c.RepositoryConfigurationDelegate [restartedMain] Finished Spring Data repository scanning in 60 ms. Found 4 JPA repository interfaces.
2023-04-20 14:28:03,613 INFO o.s.b.w.e.t.TomcatWebServer [restartedMain] Tomcat initialized with port(s): 8080 (http)
2023-04-20 14:28:03,730 INFO o.s.b.w.s.c.ServletWebServerApplicationContext [restartedMain] Root WebApplicationContext: initialization completed in 1985 ms
2023-04-20 14:28:05,592 INFO o.s.o.j.LocalContainerEntityManagerFactoryBean [restartedMain] Initialized JPA EntityManagerFactory for persistence unit 'default'
2023-04-20 14:28:06,254 WARN o.s.b.a.o.j.JpaBaseConfiguration$JpaWebConfiguration [restartedMain] spring.jpa.open-in-view is enabled by default. Therefore, database queries may be performed during view rendering. Explicitly configure spring.jpa.open-in-view to disable this warning
2023-04-20 14:28:06,734 INFO o.s.b.d.a.OptionalLiveReloadServer [restartedMain] LiveReload server is running on port 35729
2023-04-20 14:28:06,785 INFO o.s.b.w.e.t.TomcatWebServer [restartedMain] Tomcat started on port(s): 8080 (http) with context path ''
2023-04-20 14:28:07,745 INFO i.s.p.ProgettoRistorantiApplication [restartedMain] Started ProgettoRistorantiApplication in 6.543 seconds (process running for 7.879)
2023-04-20 14:28:07,773 INFO i.s.p.ProgettoRistorantiApplication [restartedMain] Isnfo message
2023-04-20 14:28:07,774 WARN i.s.p.ProgettoRistorantiApplication [restartedMain] Warning message
2023-04-20 14:28:07,774 ERROR i.s.p.ProgettoRistorantiApplication [restartedMain] Error message
2023-04-20 14:28:07,774 FATAL i.s.p.ProgettoRistorantiApplication [restartedMain] Fatal message
2023-04-20 14:31:55,495 INFO o.s.b.d.a.LocalDevToolsAutoConfiguration$RestartingClassPathChangeChangedEventListener [File Watcher] Restarting due to 1 class path change (0 additions, 0 deletions, 1 modification)
2023-04-20 14:31:55,527 INFO o.s.o.j.LocalContainerEntityManagerFactoryBean [Thread-5] Closing JPA EntityManagerFactory for persistence unit 'default'
2023-04-20 14:31:55,650 INFO o.s.b.d.e.DevToolsPropertyDefaultsPostProcessor [restartedMain] Devtools property defaults active! Set 'spring.devtools.add-properties' to 'false' to disable
2023-04-20 14:31:55,651 INFO o.s.b.d.e.DevToolsPropertyDefaultsPostProcessor [restartedMain] For additional web related logging consider setting the 'logging.level.web' property to 'DEBUG'
2023-04-20 14:31:55,659 INFO i.s.p.ProgettoRistorantiApplication [restartedMain] Starting ProgettoRistorantiApplication using Java 17.0.6 with PID 8576 (C:\Users\sarex\Documents\GitHub\progetto-ristorani\progetto-ristoranti\target\classes started by sarex in C:\Users\sarex\Documents\GitHub\progetto-ristorani\progetto-ristoranti)
2023-04-20 14:31:55,659 INFO i.s.p.ProgettoRistorantiApplication [restartedMain] No active profile set, falling back to 1 default profile: "default"
2023-04-20 14:31:55,945 INFO o.s.d.r.c.RepositoryConfigurationDelegate [restartedMain] Bootstrapping Spring Data JPA repositories in DEFAULT mode.
2023-04-20 14:31:55,967 INFO o.s.d.r.c.RepositoryConfigurationDelegate [restartedMain] Finished Spring Data repository scanning in 21 ms. Found 4 JPA repository interfaces.
2023-04-20 14:31:56,364 INFO o.s.b.w.e.t.TomcatWebServer [restartedMain] Tomcat initialized with port(s): 8080 (http)
2023-04-20 14:31:56,406 INFO o.s.b.w.s.c.ServletWebServerApplicationContext [restartedMain] Root WebApplicationContext: initialization completed in 744 ms
2023-04-20 14:31:56,646 INFO o.s.o.j.LocalContainerEntityManagerFactoryBean [restartedMain] Initialized JPA EntityManagerFactory for persistence unit 'default'
2023-04-20 14:31:56,909 WARN o.s.b.a.o.j.JpaBaseConfiguration$JpaWebConfiguration [restartedMain] spring.jpa.open-in-view is enabled by default. Therefore, database queries may be performed during view rendering. Explicitly configure spring.jpa.open-in-view to disable this warning
2023-04-20 14:31:57,066 INFO o.s.b.d.a.OptionalLiveReloadServer [restartedMain] LiveReload server is running on port 35729
2023-04-20 14:31:57,084 INFO o.s.b.w.e.t.TomcatWebServer [restartedMain] Tomcat started on port(s): 8080 (http) with context path ''
2023-04-20 14:31:57,828 INFO i.s.p.ProgettoRistorantiApplication [restartedMain] Started ProgettoRistorantiApplication in 2.21 seconds (process running for 237.962)
2023-04-20 14:31:57,831 INFO o.s.b.d.a.ConditionEvaluationDeltaLoggingListener [restartedMain] Condition evaluation unchanged
2023-04-20 14:31:57,848 INFO i.s.p.ProgettoRistorantiApplication [restartedMain] Isnfo message
2023-04-20 14:31:57,849 WARN i.s.p.ProgettoRistorantiApplication [restartedMain] Warning message
2023-04-20 14:31:57,849 ERROR i.s.p.ProgettoRistorantiApplication [restartedMain] Error message
2023-04-20 14:31:57,849 FATAL i.s.p.ProgettoRistorantiApplication [restartedMain] Fatal message
2023-04-20 14:32:12,698 INFO o.s.w.s.DispatcherServlet [http-nio-8080-exec-1] Initializing Servlet 'dispatcherServlet'
2023-04-20 14:32:12,699 INFO o.s.w.s.DispatcherServlet [http-nio-8080-exec-1] Completed initialization in 1 ms
2023-04-20 14:32:12,760 INFO i.s.p.C.ResturantController [http-nio-8080-exec-1] 200 OKthe chosen resturant exsists
2023-04-20 14:32:51,962 INFO o.s.b.d.a.LocalDevToolsAutoConfiguration$RestartingClassPathChangeChangedEventListener [File Watcher] Restarting due to 1 class path change (0 additions, 0 deletions, 1 modification)
2023-04-20 14:32:51,980 INFO o.s.o.j.LocalContainerEntityManagerFactoryBean [Thread-7] Closing JPA EntityManagerFactory for persistence unit 'default'
2023-04-20 14:32:52,070 INFO o.s.b.d.e.DevToolsPropertyDefaultsPostProcessor [restartedMain] Devtools property defaults active! Set 'spring.devtools.add-properties' to 'false' to disable
2023-04-20 14:32:52,070 INFO o.s.b.d.e.DevToolsPropertyDefaultsPostProcessor [restartedMain] For additional web related logging consider setting the 'logging.level.web' property to 'DEBUG'
2023-04-20 14:32:52,078 INFO i.s.p.ProgettoRistorantiApplication [restartedMain] Starting ProgettoRistorantiApplication using Java 17.0.6 with PID 8576 (C:\Users\sarex\Documents\GitHub\progetto-ristorani\progetto-ristoranti\target\classes started by sarex in C:\Users\sarex\Documents\GitHub\progetto-ristorani\progetto-ristoranti)
2023-04-20 14:32:52,079 INFO i.s.p.ProgettoRistorantiApplication [restartedMain] No active profile set, falling back to 1 default profile: "default"
2023-04-20 14:32:52,257 INFO o.s.d.r.c.RepositoryConfigurationDelegate [restartedMain] Bootstrapping Spring Data JPA repositories in DEFAULT mode.
2023-04-20 14:32:52,273 INFO o.s.d.r.c.RepositoryConfigurationDelegate [restartedMain] Finished Spring Data repository scanning in 15 ms. Found 4 JPA repository interfaces.
2023-04-20 14:32:52,443 INFO o.s.b.w.e.t.TomcatWebServer [restartedMain] Tomcat initialized with port(s): 8080 (http)
2023-04-20 14:32:52,465 INFO o.s.b.w.s.c.ServletWebServerApplicationContext [restartedMain] Root WebApplicationContext: initialization completed in 384 ms
2023-04-20 14:32:52,601 INFO o.s.o.j.LocalContainerEntityManagerFactoryBean [restartedMain] Initialized JPA EntityManagerFactory for persistence unit 'default'
2023-04-20 14:32:52,773 WARN o.s.b.a.o.j.JpaBaseConfiguration$JpaWebConfiguration [restartedMain] spring.jpa.open-in-view is enabled by default. Therefore, database queries may be performed during view rendering. Explicitly configure spring.jpa.open-in-view to disable this warning
2023-04-20 14:32:52,883 INFO o.s.b.d.a.OptionalLiveReloadServer [restartedMain] LiveReload server is running on port 35729
2023-04-20 14:32:52,901 INFO o.s.b.w.e.t.TomcatWebServer [restartedMain] Tomcat started on port(s): 8080 (http) with context path ''
2023-04-20 14:32:53,643 INFO i.s.p.ProgettoRistorantiApplication [restartedMain] Started ProgettoRistorantiApplication in 1.6 seconds (process running for 293.777)
2023-04-20 14:32:53,645 INFO o.s.b.d.a.ConditionEvaluationDeltaLoggingListener [restartedMain] Condition evaluation unchanged
2023-04-20 14:32:53,665 INFO i.s.p.ProgettoRistorantiApplication [restartedMain] Isnfo message
2023-04-20 14:32:53,665 WARN i.s.p.ProgettoRistorantiApplication [restartedMain] Warning message
2023-04-20 14:32:53,665 ERROR i.s.p.ProgettoRistorantiApplication [restartedMain] Error message
2023-04-20 14:32:53,665 FATAL i.s.p.ProgettoRistorantiApplication [restartedMain] Fatal message
2023-04-20 14:53:57,612 INFO o.s.b.a.SpringApplicationAdminMXBeanRegistrar$SpringApplicationAdmin [RMI TCP Connection(40)-127.0.0.1] Application shutdown requested.
2023-04-20 14:53:57,665 INFO o.s.o.j.LocalContainerEntityManagerFactoryBean [RMI TCP Connection(40)-127.0.0.1] Closing JPA EntityManagerFactory for persistence unit 'default'
2023-04-20 14:54:01,059 INFO i.s.p.ProgettoRistorantiApplication [restartedMain] Starting ProgettoRistorantiApplication using Java 17.0.6 with PID 6524 (C:\Users\sarex\Documents\GitHub\progetto-ristorani\progetto-ristoranti\target\classes started by sarex in C:\Users\sarex\Documents\GitHub\progetto-ristorani\progetto-ristoranti)
2023-04-20 14:54:01,069 INFO i.s.p.ProgettoRistorantiApplication [restartedMain] No active profile set, falling back to 1 default profile: "default"
2023-04-20 14:54:01,128 INFO o.s.b.d.e.DevToolsPropertyDefaultsPostProcessor [restartedMain] Devtools property defaults active! Set 'spring.devtools.add-properties' to 'false' to disable
2023-04-20 14:54:01,128 INFO o.s.b.d.e.DevToolsPropertyDefaultsPostProcessor [restartedMain] For additional web related logging consider setting the 'logging.level.web' property to 'DEBUG'
2023-04-20 14:54:01,871 INFO o.s.d.r.c.RepositoryConfigurationDelegate [restartedMain] Bootstrapping Spring Data JPA repositories in DEFAULT mode.
2023-04-20 14:54:01,937 INFO o.s.d.r.c.RepositoryConfigurationDelegate [restartedMain] Finished Spring Data repository scanning in 56 ms. Found 4 JPA repository interfaces.
2023-04-20 14:54:02,872 INFO o.s.b.w.e.t.TomcatWebServer [restartedMain] Tomcat initialized with port(s): 8080 (http)
2023-04-20 14:54:02,983 INFO o.s.b.w.s.c.ServletWebServerApplicationContext [restartedMain] Root WebApplicationContext: initialization completed in 1854 ms
2023-04-20 14:54:05,130 INFO o.s.o.j.LocalContainerEntityManagerFactoryBean [restartedMain] Initialized JPA EntityManagerFactory for persistence unit 'default'
2023-04-20 14:54:05,774 WARN o.s.b.a.o.j.JpaBaseConfiguration$JpaWebConfiguration [restartedMain] spring.jpa.open-in-view is enabled by default. Therefore, database queries may be performed during view rendering. Explicitly configure spring.jpa.open-in-view to disable this warning
2023-04-20 14:54:06,269 INFO o.s.b.d.a.OptionalLiveReloadServer [restartedMain] LiveReload server is running on port 35729
2023-04-20 14:54:06,318 INFO o.s.b.w.e.t.TomcatWebServer [restartedMain] Tomcat started on port(s): 8080 (http) with context path ''
2023-04-20 14:54:07,279 INFO i.s.p.ProgettoRistorantiApplication [restartedMain] Started ProgettoRistorantiApplication in 6.707 seconds (process running for 8.011)
2023-04-20 14:54:07,305 INFO i.s.p.ProgettoRistorantiApplication [restartedMain] Isnfo message
2023-04-20 14:54:07,306 WARN i.s.p.ProgettoRistorantiApplication [restartedMain] Warning message
2023-04-20 14:54:07,306 ERROR i.s.p.ProgettoRistorantiApplication [restartedMain] Error message
2023-04-20 14:54:07,306 FATAL i.s.p.ProgettoRistorantiApplication [restartedMain] Fatal message
2023-04-20 15:15:33,239 INFO o.s.b.a.SpringApplicationAdminMXBeanRegistrar$SpringApplicationAdmin [RMI TCP Connection(21)-127.0.0.1] Application shutdown requested.
2023-04-20 15:15:33,839 INFO o.s.o.j.LocalContainerEntityManagerFactoryBean [RMI TCP Connection(21)-127.0.0.1] Closing JPA EntityManagerFactory for persistence unit 'default'
2023-04-20 15:15:41,681 INFO i.s.p.ProgettoRistorantiApplication [restartedMain] Starting ProgettoRistorantiApplication using Java 17.0.6 with PID 15176 (C:\Users\sarex\Documents\GitHub\progetto-ristorani\progetto-ristoranti\target\classes started by sarex in C:\Users\sarex\Documents\GitHub\progetto-ristorani\progetto-ristoranti)
2023-04-20 15:15:41,699 INFO i.s.p.ProgettoRistorantiApplication [restartedMain] No active profile set, falling back to 1 default profile: "default"
2023-04-20 15:15:41,813 INFO o.s.b.d.e.DevToolsPropertyDefaultsPostProcessor [restartedMain] Devtools property defaults active! Set 'spring.devtools.add-properties' to 'false' to disable
2023-04-20 15:15:41,813 INFO o.s.b.d.e.DevToolsPropertyDefaultsPostProcessor [restartedMain] For additional web related logging consider setting the 'logging.level.web' property to 'DEBUG'
2023-04-20 15:15:43,038 INFO o.s.d.r.c.RepositoryConfigurationDelegate [restartedMain] Bootstrapping Spring Data JPA repositories in DEFAULT mode.
2023-04-20 15:15:43,147 INFO o.s.d.r.c.RepositoryConfigurationDelegate [restartedMain] Finished Spring Data repository scanning in 87 ms. Found 4 JPA repository interfaces.
2023-04-20 15:15:45,062 INFO o.s.b.w.e.t.TomcatWebServer [restartedMain] Tomcat initialized with port(s): 8080 (http)
2023-04-20 15:15:45,265 INFO o.s.b.w.s.c.ServletWebServerApplicationContext [restartedMain] Root WebApplicationContext: initialization completed in 3450 ms
2023-04-20 15:15:48,484 INFO o.s.o.j.LocalContainerEntityManagerFactoryBean [restartedMain] Initialized JPA EntityManagerFactory for persistence unit 'default'
2023-04-20 15:15:49,509 WARN o.s.b.a.o.j.JpaBaseConfiguration$JpaWebConfiguration [restartedMain] spring.jpa.open-in-view is enabled by default. Therefore, database queries may be performed during view rendering. Explicitly configure spring.jpa.open-in-view to disable this warning
2023-04-20 15:15:50,379 INFO o.s.b.d.a.OptionalLiveReloadServer [restartedMain] LiveReload server is running on port 35729
2023-04-20 15:15:50,461 INFO o.s.b.w.e.t.TomcatWebServer [restartedMain] Tomcat started on port(s): 8080 (http) with context path ''
2023-04-20 15:15:51,795 INFO i.s.p.ProgettoRistorantiApplication [restartedMain] Started ProgettoRistorantiApplication in 11.177 seconds (process running for 14.927)
2023-04-20 15:15:51,830 INFO i.s.p.ProgettoRistorantiApplication [restartedMain] Isnfo message
2023-04-20 15:15:51,830 WARN i.s.p.ProgettoRistorantiApplication [restartedMain] Warning message
2023-04-20 15:15:51,831 ERROR i.s.p.ProgettoRistorantiApplication [restartedMain] Error message
2023-04-20 15:15:51,831 FATAL i.s.p.ProgettoRistorantiApplication [restartedMain] Fatal message
2023-04-20 15:16:57,309 INFO o.s.b.a.SpringApplicationAdminMXBeanRegistrar$SpringApplicationAdmin [RMI TCP Connection(11)-127.0.0.1] Application shutdown requested.
2023-04-20 15:16:57,353 INFO o.s.o.j.LocalContainerEntityManagerFactoryBean [RMI TCP Connection(11)-127.0.0.1] Closing JPA EntityManagerFactory for persistence unit 'default'
2023-04-20 15:17:08,871 INFO i.s.p.ProgettoRistorantiApplication [restartedMain] Starting ProgettoRistorantiApplication using Java 17.0.6 with PID 17052 (C:\Users\sarex\Documents\GitHub\progetto-ristorani\progetto-ristoranti\target\classes started by sarex in C:\Users\sarex\Documents\GitHub\progetto-ristorani\progetto-ristoranti)
2023-04-20 15:17:08,886 INFO i.s.p.ProgettoRistorantiApplication [restartedMain] No active profile set, falling back to 1 default profile: "default"
2023-04-20 15:17:08,984 INFO o.s.b.d.e.DevToolsPropertyDefaultsPostProcessor [restartedMain] Devtools property defaults active! Set 'spring.devtools.add-properties' to 'false' to disable
2023-04-20 15:17:08,985 INFO o.s.b.d.e.DevToolsPropertyDefaultsPostProcessor [restartedMain] For additional web related logging consider setting the 'logging.level.web' property to 'DEBUG'
2023-04-20 15:17:10,080 INFO o.s.d.r.c.RepositoryConfigurationDelegate [restartedMain] Bootstrapping Spring Data JPA repositories in DEFAULT mode.
2023-04-20 15:17:10,175 INFO o.s.d.r.c.RepositoryConfigurationDelegate [restartedMain] Finished Spring Data repository scanning in 79 ms. Found 4 JPA repository interfaces.
2023-04-20 15:17:11,485 INFO o.s.b.w.e.t.TomcatWebServer [restartedMain] Tomcat initialized with port(s): 8080 (http)
2023-04-20 15:17:11,649 INFO o.s.b.w.s.c.ServletWebServerApplicationContext [restartedMain] Root WebApplicationContext: initialization completed in 2662 ms
2023-04-20 15:17:14,621 INFO o.s.o.j.LocalContainerEntityManagerFactoryBean [restartedMain] Initialized JPA EntityManagerFactory for persistence unit 'default'
2023-04-20 15:17:15,673 WARN o.s.b.a.o.j.JpaBaseConfiguration$JpaWebConfiguration [restartedMain] spring.jpa.open-in-view is enabled by default. Therefore, database queries may be performed during view rendering. Explicitly configure spring.jpa.open-in-view to disable this warning
2023-04-20 15:17:16,549 INFO o.s.b.d.a.OptionalLiveReloadServer [restartedMain] LiveReload server is running on port 35729
2023-04-20 15:17:16,635 INFO o.s.b.w.e.t.TomcatWebServer [restartedMain] Tomcat started on port(s): 8080 (http) with context path ''
2023-04-20 15:17:18,530 INFO i.s.p.ProgettoRistorantiApplication [restartedMain] Started ProgettoRistorantiApplication in 10.444 seconds (process running for 13.211)
2023-04-20 15:17:18,589 INFO i.s.p.ProgettoRistorantiApplication [restartedMain] Isnfo message
2023-04-20 15:17:18,589 WARN i.s.p.ProgettoRistorantiApplication [restartedMain] Warning message
2023-04-20 15:17:18,589 ERROR i.s.p.ProgettoRistorantiApplication [restartedMain] Error message
2023-04-20 15:17:18,590 FATAL i.s.p.ProgettoRistorantiApplication [restartedMain] Fatal message
2023-04-20 15:18:58,681 INFO o.s.b.d.a.LocalDevToolsAutoConfiguration$RestartingClassPathChangeChangedEventListener [File Watcher] Restarting due to 1 class path change (0 additions, 0 deletions, 1 modification)
2023-04-20 15:18:58,737 INFO o.s.o.j.LocalContainerEntityManagerFactoryBean [Thread-5] Closing JPA EntityManagerFactory for persistence unit 'default'
2023-04-20 15:18:58,961 INFO o.s.b.d.e.DevToolsPropertyDefaultsPostProcessor [restartedMain] Devtools property defaults active! Set 'spring.devtools.add-properties' to 'false' to disable
2023-04-20 15:18:58,963 INFO o.s.b.d.e.DevToolsPropertyDefaultsPostProcessor [restartedMain] For additional web related logging consider setting the 'logging.level.web' property to 'DEBUG'
2023-04-20 15:18:58,982 INFO i.s.p.ProgettoRistorantiApplication [restartedMain] Starting ProgettoRistorantiApplication using Java 17.0.6 with PID 17052 (C:\Users\sarex\Documents\GitHub\progetto-ristorani\progetto-ristoranti\target\classes started by sarex in C:\Users\sarex\Documents\GitHub\progetto-ristorani\progetto-ristoranti)
2023-04-20 15:18:58,984 INFO i.s.p.ProgettoRistorantiApplication [restartedMain] No active profile set, falling back to 1 default profile: "default"
2023-04-20 15:18:59,372 INFO o.s.d.r.c.RepositoryConfigurationDelegate [restartedMain] Bootstrapping Spring Data JPA repositories in DEFAULT mode.
2023-04-20 15:18:59,405 INFO o.s.d.r.c.RepositoryConfigurationDelegate [restartedMain] Finished Spring Data repository scanning in 33 ms. Found 4 JPA repository interfaces.
2023-04-20 15:18:59,792 INFO o.s.b.w.e.t.TomcatWebServer [restartedMain] Tomcat initialized with port(s): 8080 (http)
2023-04-20 15:18:59,846 INFO o.s.b.w.s.c.ServletWebServerApplicationContext [restartedMain] Root WebApplicationContext: initialization completed in 858 ms
2023-04-20 15:19:00,130 INFO o.s.o.j.LocalContainerEntityManagerFactoryBean [restartedMain] Initialized JPA EntityManagerFactory for persistence unit 'default'
2023-04-20 15:19:00,512 WARN o.s.b.a.o.j.JpaBaseConfiguration$JpaWebConfiguration [restartedMain] spring.jpa.open-in-view is enabled by default. Therefore, database queries may be performed during view rendering. Explicitly configure spring.jpa.open-in-view to disable this warning
2023-04-20 15:19:00,831 INFO o.s.b.d.a.OptionalLiveReloadServer [restartedMain] LiveReload server is running on port 35729
2023-04-20 15:19:00,861 INFO o.s.b.w.e.t.TomcatWebServer [restartedMain] Tomcat started on port(s): 8080 (http) with context path ''
2023-04-20 15:19:01,808 INFO i.s.p.ProgettoRistorantiApplication [restartedMain] Started ProgettoRistorantiApplication in 2.923 seconds (process running for 116.489)
2023-04-20 15:19:01,813 INFO o.s.b.d.a.ConditionEvaluationDeltaLoggingListener [restartedMain] Condition evaluation unchanged
2023-04-20 15:19:01,847 INFO i.s.p.ProgettoRistorantiApplication [restartedMain] Isnfo message
2023-04-20 15:19:01,847 WARN i.s.p.ProgettoRistorantiApplication [restartedMain] Warning message
2023-04-20 15:19:01,847 ERROR i.s.p.ProgettoRistorantiApplication [restartedMain] Error message
2023-04-20 15:19:01,847 FATAL i.s.p.ProgettoRistorantiApplication [restartedMain] Fatal message
2023-04-20 15:21:35,839 INFO o.s.b.a.SpringApplicationAdminMXBeanRegistrar$SpringApplicationAdmin [RMI TCP Connection(16)-127.0.0.1] Application shutdown requested.
2023-04-20 15:21:35,859 INFO o.s.o.j.LocalContainerEntityManagerFactoryBean [RMI TCP Connection(16)-127.0.0.1] Closing JPA EntityManagerFactory for persistence unit 'default'
