2023-04-27 11:06:21,624 INFO i.s.p.ProgettoRistorantiApplication [restartedMain] Starting ProgettoRistorantiApplication using Java 17.0.6 with PID 16880 (C:\Users\sarex\OneDrive - Università di Napoli Federico II\StageSYSManagement\newRistoranti\target\classes started by sarex in C:\Users\sarex\OneDrive - Università di Napoli Federico II\StageSYSManagement\newRistoranti)
2023-04-27 11:06:21,640 INFO i.s.p.ProgettoRistorantiApplication [restartedMain] No active profile set, falling back to 1 default profile: "default"
2023-04-27 11:06:21,723 INFO o.s.b.d.e.DevToolsPropertyDefaultsPostProcessor [restartedMain] Devtools property defaults active! Set 'spring.devtools.add-properties' to 'false' to disable
2023-04-27 11:06:21,724 INFO o.s.b.d.e.DevToolsPropertyDefaultsPostProcessor [restartedMain] For additional web related logging consider setting the 'logging.level.web' property to 'DEBUG'
2023-04-27 11:06:22,961 INFO o.s.d.r.c.RepositoryConfigurationDelegate [restartedMain] Bootstrapping Spring Data JPA repositories in DEFAULT mode.
2023-04-27 11:06:23,073 INFO o.s.d.r.c.RepositoryConfigurationDelegate [restartedMain] Finished Spring Data repository scanning in 101 ms. Found 4 JPA repository interfaces.
2023-04-27 11:06:23,873 INFO o.s.b.w.e.t.TomcatWebServer [restartedMain] Tomcat initialized with port(s): 8080 (http)
2023-04-27 11:06:24,006 INFO o.s.b.w.s.c.ServletWebServerApplicationContext [restartedMain] Root WebApplicationContext: initialization completed in 2281 ms
2023-04-27 11:06:26,433 INFO o.s.o.j.LocalContainerEntityManagerFactoryBean [restartedMain] Initialized JPA EntityManagerFactory for persistence unit 'default'
2023-04-27 11:06:26,507 WARN o.s.b.w.s.c.AnnotationConfigServletWebServerApplicationContext [restartedMain] Exception encountered during context initialization - cancelling refresh attempt: org.springframework.beans.factory.UnsatisfiedDependencyException: Error creating bean with name 'resturantController': Unsatisfied dependency expressed through field 'service': Error creating bean with name 'resturantServiceIMPL': Unsatisfied dependency expressed through field 'ar': No qualifying bean of type 'it.sysman.progettoristoranti.dao.AddressDaoImpl' available: expected at least 1 bean which qualifies as autowire candidate. Dependency annotations: {@org.springframework.beans.factory.annotation.Autowired(required=true)}
2023-04-27 11:06:26,508 INFO o.s.o.j.LocalContainerEntityManagerFactoryBean [restartedMain] Closing JPA EntityManagerFactory for persistence unit 'default'
2023-04-27 11:06:26,555 INFO o.s.b.a.l.ConditionEvaluationReportLogger [restartedMain] 

Error starting ApplicationContext. To display the condition evaluation report re-run your application with 'debug' enabled.
2023-04-27 11:06:26,599 ERROR o.s.b.d.LoggingFailureAnalysisReporter [restartedMain] 

***************************
APPLICATION FAILED TO START
***************************

Description:

Field ar in it.sysman.progettoristoranti.Service.ResturantServiceIMPL required a bean of type 'it.sysman.progettoristoranti.dao.AddressDaoImpl' that could not be found.

The injection point has the following annotations:
	- @org.springframework.beans.factory.annotation.Autowired(required=true)


Action:

Consider defining a bean of type 'it.sysman.progettoristoranti.dao.AddressDaoImpl' in your configuration.

