2023-04-20 17:11:21,941 INFO i.s.p.ProgettoRistorantiApplication [restartedMain] Starting ProgettoRistorantiApplication using Java 17.0.6 with PID 10512 (C:\Users\sarex\Documents\GitHub\progetto-ristorani\progetto-ristoranti\target\classes started by sarex in C:\Users\sarex\Documents\GitHub\progetto-ristorani\progetto-ristoranti)
2023-04-20 17:11:21,951 INFO i.s.p.ProgettoRistorantiApplication [restartedMain] No active profile set, falling back to 1 default profile: "default"
2023-04-20 17:11:22,017 INFO o.s.b.d.e.DevToolsPropertyDefaultsPostProcessor [restartedMain] Devtools property defaults active! Set 'spring.devtools.add-properties' to 'false' to disable
2023-04-20 17:11:22,018 INFO o.s.b.d.e.DevToolsPropertyDefaultsPostProcessor [restartedMain] For additional web related logging consider setting the 'logging.level.web' property to 'DEBUG'
2023-04-20 17:11:22,723 INFO o.s.d.r.c.RepositoryConfigurationDelegate [restartedMain] Bootstrapping Spring Data JPA repositories in DEFAULT mode.
2023-04-20 17:11:22,790 INFO o.s.d.r.c.RepositoryConfigurationDelegate [restartedMain] Finished Spring Data repository scanning in 55 ms. Found 4 JPA repository interfaces.
2023-04-20 17:11:23,822 INFO o.s.b.w.e.t.TomcatWebServer [restartedMain] Tomcat initialized with port(s): 8080 (http)
2023-04-20 17:11:23,943 INFO o.s.b.w.s.c.ServletWebServerApplicationContext [restartedMain] Root WebApplicationContext: initialization completed in 1925 ms
2023-04-20 17:11:25,959 INFO o.s.o.j.LocalContainerEntityManagerFactoryBean [restartedMain] Initialized JPA EntityManagerFactory for persistence unit 'default'
2023-04-20 17:11:26,662 WARN o.s.b.a.o.j.JpaBaseConfiguration$JpaWebConfiguration [restartedMain] spring.jpa.open-in-view is enabled by default. Therefore, database queries may be performed during view rendering. Explicitly configure spring.jpa.open-in-view to disable this warning
2023-04-20 17:11:27,211 INFO o.s.b.d.a.OptionalLiveReloadServer [restartedMain] LiveReload server is running on port 35729
2023-04-20 17:11:27,265 INFO o.s.b.w.e.t.TomcatWebServer [restartedMain] Tomcat started on port(s): 8080 (http) with context path ''
2023-04-20 17:11:28,261 INFO i.s.p.ProgettoRistorantiApplication [restartedMain] Started ProgettoRistorantiApplication in 6.839 seconds (process running for 8.148)
2023-04-20 17:11:28,292 INFO i.s.p.ProgettoRistorantiApplication [restartedMain] Isnfo message
2023-04-20 17:11:28,292 WARN i.s.p.ProgettoRistorantiApplication [restartedMain] Warning message
2023-04-20 17:11:28,292 ERROR i.s.p.ProgettoRistorantiApplication [restartedMain] Error message
2023-04-20 17:11:28,292 FATAL i.s.p.ProgettoRistorantiApplication [restartedMain] Fatal message
2023-04-20 17:12:11,294 INFO o.s.w.s.DispatcherServlet [http-nio-8080-exec-1] Initializing Servlet 'dispatcherServlet'
2023-04-20 17:12:11,295 INFO o.s.w.s.DispatcherServlet [http-nio-8080-exec-1] Completed initialization in 1 ms
2023-04-20 17:12:11,353 INFO i.s.p.C.ResturantController [http-nio-8080-exec-1] 200 OKthe chosen resturant exsists
